<?xml version="1.0" encoding="UTF-8"?>
<testsuite name="Proceso de Compra en la Pagina Sanangel" tests="1" skipped="0" failures="0" errors="0" timestamp="2023-10-19T22:20:33" hostname="DESKTOP-COSPO61" time="28.916">
  <properties/>
  <testcase name="Compra exitosa en Sanangel" classname="Proceso de Compra en la Pagina Sanangel" time="28.916"/>
  <system-out><![CDATA[]]></system-out>
  <system-err><![CDATA[[Test worker] INFO  - 
  _____   ___   ___   _____     ___   _____     _     ___   _____   ___   ___  
 |_   _| | __| / __| |_   _|   / __| |_   _|   /_\   | _ \ |_   _| | __| |   \ 
   | |   | _|  \__ \   | |     \__ \   | |    / _ \  |   /   | |   | _|  | |) |
   |_|   |___| |___/   |_|     |___/   |_|   /_/ \_\ |_|_\   |_|   |___| |___/ 

Compra exitosa en Sanangel(proceso-de-compra-en-la-pagina-sanangel;compra-exitosa-en-sanangel)
--------------------------------------------------------------------------------
[Test worker] INFO net.serenitybdd.core.webdriver.driverproviders.ChromeDriverProvider - Starting Chrome driver instance with capabilities:
[Test worker] INFO net.serenitybdd.core.webdriver.driverproviders.ChromeDriverProvider - Capabilities {acceptInsecureCerts: false, browserName: chrome, goog:chromeOptions: {args: [remote-allow-origins=*, --incognito, --start-maximized, --disable-gpu, --disable-extensions], extensions: []}}
[Test worker] INFO  - ?[92m
  _____   ___   ___   _____     ___     _     ___   ___   ___   ___  
 |_   _| | __| / __| |_   _|   | _ \   /_\   / __| / __| | __| |   \ 
   | |   | _|  \__ \   | |     |  _/  / _ \  \__ \ \__ \ | _|  | |) |
   |_|   |___| |___/   |_|     |_|   /_/ \_\ |___/ |___/ |___| |___/ 

Compra exitosa en Sanangel
----------------------------------------------------------------------?[0m
]]></system-err>
</testsuite>
